<?xml version="1.0" encoding="utf-8" standalone="yes"?>
<coverage line-rate="0.60377358490566035" branch-rate="1" complexity="5" version="1.9" timestamp="1774145157" lines-covered="32" lines-valid="53">
  <packages>
    <package line-rate="1" branch-rate="1" complexity="1" name="UnrealEditor-UDLODPreprocessor">
      <classes>
        <class line-rate="1" branch-rate="1" complexity="1" name="" filename="C:\Users\ellie\dev\PlanarTerrains\Plugins\UDLODPreprocessor\Source\UDLODPreprocessor\Private\UDLODPreprocessor.cpp">
          <methods>
            <method line-rate="1" branch-rate="1" complexity="1" name="static void `dynamic initializer for 'UDLODPreprocessorInitializerEntry''" signature="()">
              <lines>
                <line number="28" hits="1" branch="False" />
              </lines>
            </method>
            <method line-rate="1" branch-rate="1" complexity="1" name="static class IModuleInterface * InitializeUDLODPreprocessorModule" signature="()">
              <lines>
                <line number="28" hits="1" branch="False" />
              </lines>
            </method>
          </methods>
          <lines>
            <line number="28" hits="1" branch="False" />
          </lines>
        </class>
      </classes>
    </package>
    <package line-rate="0.59615384615384615" branch-rate="1" complexity="4" name="UnrealEditor-Tests">
      <classes>
        <class line-rate="0.35" branch-rate="1" complexity="1" name="preprocess" filename="C:\Users\ellie\dev\PlanarTerrains\Plugins\UDLODPreprocessor\Source\UDLODPreprocessor\Public\preprocess_gdal_extended.h">
          <methods>
            <method line-rate="0" branch-rate="1" complexity="1" name="write&lt;float&gt;" signature="">
              <lines>
                <line number="102" hits="0" branch="False" />
                <line number="103" hits="0" branch="False" />
                <line number="104" hits="0" branch="False" />
                <line number="105" hits="0" branch="False" />
                <line number="108" hits="0" branch="False" />
                <line number="123" hits="0" branch="False" />
                <line number="125" hits="0" branch="False" />
                <line number="126" hits="0" branch="False" />
              </lines>
            </method>
            <method line-rate="0" branch-rate="1" complexity="1" name="apply_bitmask&lt;float&gt;" signature="">
              <lines>
                <line number="235" hits="0" branch="False" />
                <line number="237" hits="0" branch="False" />
                <line number="243" hits="0" branch="False" />
              </lines>
            </method>
            <method line-rate="1" branch-rate="1" complexity="1" name="rasterbands" signature="">
              <lines>
                <line number="141" hits="1" branch="False" />
                <line number="142" hits="1" branch="False" />
                <line number="145" hits="1" branch="False" />
                <line number="147" hits="1" branch="False" />
                <line number="148" hits="1" branch="False" />
                <line number="149" hits="1" branch="False" />
                <line number="152" hits="1" branch="False" />
              </lines>
            </method>
            <method line-rate="0" branch-rate="1" complexity="1" name="write&lt;unsigned short&gt;" signature="">
              <lines>
                <line number="102" hits="0" branch="False" />
                <line number="103" hits="0" branch="False" />
                <line number="104" hits="0" branch="False" />
                <line number="105" hits="0" branch="False" />
                <line number="108" hits="0" branch="False" />
                <line number="123" hits="0" branch="False" />
                <line number="125" hits="0" branch="False" />
                <line number="126" hits="0" branch="False" />
              </lines>
            </method>
            <method line-rate="0" branch-rate="1" complexity="1" name="apply_bitmask&lt;unsigned short&gt;" signature="">
              <lines>
                <line number="235" hits="0" branch="False" />
                <line number="242" hits="0" branch="False" />
                <line number="243" hits="0" branch="False" />
              </lines>
            </method>
            <method line-rate="0" branch-rate="1" complexity="1" name="apply_bitmask&lt;double&gt;" signature="">
              <lines>
                <line number="235" hits="0" branch="False" />
                <line number="240" hits="0" branch="False" />
                <line number="243" hits="0" branch="False" />
              </lines>
            </method>
          </methods>
          <lines>
            <line number="102" hits="0" branch="False" />
            <line number="103" hits="0" branch="False" />
            <line number="104" hits="0" branch="False" />
            <line number="105" hits="0" branch="False" />
            <line number="108" hits="0" branch="False" />
            <line number="123" hits="0" branch="False" />
            <line number="125" hits="0" branch="False" />
            <line number="126" hits="0" branch="False" />
            <line number="141" hits="1" branch="False" />
            <line number="142" hits="1" branch="False" />
            <line number="145" hits="1" branch="False" />
            <line number="147" hits="1" branch="False" />
            <line number="148" hits="1" branch="False" />
            <line number="149" hits="1" branch="False" />
            <line number="152" hits="1" branch="False" />
            <line number="235" hits="0" branch="False" />
            <line number="237" hits="0" branch="False" />
            <line number="240" hits="0" branch="False" />
            <line number="242" hits="0" branch="False" />
            <line number="243" hits="0" branch="False" />
          </lines>
        </class>
        <class line-rate="1" branch-rate="1" complexity="1" name="FTileCoordinate" filename="C:\Users\ellie\dev\PlanarTerrains\Plugins\UDLODPreprocessor\Source\UDLODPreprocessor\Public\preprocess_tile_coordinate.h">
          <methods>
            <method line-rate="1" branch-rate="1" complexity="1" name="neighbors" signature="">
              <lines>
                <line number="178" hits="1" branch="False" />
                <line number="179" hits="1" branch="False" />
                <line number="181" hits="1" branch="False" />
                <line number="182" hits="1" branch="False" />
                <line number="183" hits="1" branch="False" />
                <line number="186" hits="1" branch="False" />
                <line number="187" hits="1" branch="False" />
                <line number="189" hits="1" branch="False" />
                <line number="199" hits="1" branch="False" />
                <line number="200" hits="1" branch="False" />
              </lines>
            </method>
          </methods>
          <lines>
            <line number="178" hits="1" branch="False" />
            <line number="179" hits="1" branch="False" />
            <line number="181" hits="1" branch="False" />
            <line number="182" hits="1" branch="False" />
            <line number="183" hits="1" branch="False" />
            <line number="186" hits="1" branch="False" />
            <line number="187" hits="1" branch="False" />
            <line number="189" hits="1" branch="False" />
            <line number="199" hits="1" branch="False" />
            <line number="200" hits="1" branch="False" />
          </lines>
        </class>
        <class line-rate="0.52941176470588236" branch-rate="1" complexity="1" name="preprocess.FPreprocessError" filename="C:\Users\ellie\dev\PlanarTerrains\Plugins\UDLODPreprocessor\Source\UDLODPreprocessor\Public\preprocess_result.h">
          <methods>
            <method line-rate="0.52941176470588236" branch-rate="1" complexity="1" name="ToString" signature="">
              <lines>
                <line number="111" hits="1" branch="False" />
                <line number="112" hits="1" branch="False" />
                <line number="113" hits="0" branch="False" />
                <line number="115" hits="0" branch="False" />
                <line number="117" hits="0" branch="False" />
                <line number="120" hits="1" branch="False" />
                <line number="121" hits="1" branch="False" />
                <line number="122" hits="1" branch="False" />
                <line number="127" hits="0" branch="False" />
                <line number="131" hits="0" branch="False" />
                <line number="134" hits="1" branch="False" />
                <line number="135" hits="1" branch="False" />
                <line number="136" hits="1" branch="False" />
                <line number="141" hits="0" branch="False" />
                <line number="143" hits="0" branch="False" />
                <line number="145" hits="0" branch="False" />
                <line number="146" hits="1" branch="False" />
              </lines>
            </method>
          </methods>
          <lines>
            <line number="111" hits="1" branch="False" />
            <line number="112" hits="1" branch="False" />
            <line number="113" hits="0" branch="False" />
            <line number="115" hits="0" branch="False" />
            <line number="117" hits="0" branch="False" />
            <line number="120" hits="1" branch="False" />
            <line number="121" hits="1" branch="False" />
            <line number="122" hits="1" branch="False" />
            <line number="127" hits="0" branch="False" />
            <line number="131" hits="0" branch="False" />
            <line number="134" hits="1" branch="False" />
            <line number="135" hits="1" branch="False" />
            <line number="136" hits="1" branch="False" />
            <line number="141" hits="0" branch="False" />
            <line number="143" hits="0" branch="False" />
            <line number="145" hits="0" branch="False" />
            <line number="146" hits="1" branch="False" />
          </lines>
        </class>
        <class line-rate="1" branch-rate="1" complexity="1" name="preprocess" filename="C:\Users\ellie\dev\PlanarTerrains\Plugins\UDLODPreprocessor\Source\UDLODPreprocessor\Public\preprocess_dataset.h">
          <methods>
            <method line-rate="1" branch-rate="1" complexity="1" name="geo_transform" signature="">
              <lines>
                <line number="183" hits="1" branch="False" />
                <line number="184" hits="1" branch="False" />
                <line number="185" hits="1" branch="False" />
                <line number="187" hits="1" branch="False" />
                <line number="194" hits="1" branch="False" />
              </lines>
            </method>
          </methods>
          <lines>
            <line number="183" hits="1" branch="False" />
            <line number="184" hits="1" branch="False" />
            <line number="185" hits="1" branch="False" />
            <line number="187" hits="1" branch="False" />
            <line number="194" hits="1" branch="False" />
          </lines>
        </class>
      </classes>
    </package>
  </packages>
</coverage>